Build started 27/07/15 17:12:36.
     1>Project "Z:\marcbunkers\Avans\KMINT\Week 3\Framework\SDLFramework\SDLFramework\SDLFramework.vcxproj" on node 2 (Build target(s)).
     1>ClCompile:
         C:\Program Files (x86)\Microsoft Visual Studio 12.0\VC\bin\CL.exe /c /I"Z:\marcbunkers\Avans\KMINT\Week 3\Framework\SDLFramework\SDLFramework\../../SDL2-2.0.3/include" /I"Z:\marcbunkers\Avans\KMINT\Week 3\Framework\SDLFramework\SDLFramework\../../SDL2_ttf-2.0.12/include" /I"Z:\marcbunkers\Avans\KMINT\Week 3\Framework\SDLFramework\SDLFramework\../../SDL2_image-2.0.0/include" /ZI /nologo /W3 /WX- /sdl /Od /Oy- /D WIN32 /D _DEBUG /D _CONSOLE /D _LIB /D _UNICODE /D UNICODE /Gm /EHsc /RTC1 /MDd /GS /fp:precise /Zc:wchar_t /Zc:forScope /Fo"Debug\\" /Fd"Debug\vc120.pdb" /Gd /TP /analyze- /errorReport:prompt FWApplication.cpp
         FWApplication.cpp
       Link:
         C:\Program Files (x86)\Microsoft Visual Studio 12.0\VC\bin\link.exe /ERRORREPORT:PROMPT /OUT:"Z:\marcbunkers\Avans\KMINT\Week 3\Framework\SDLFramework\Debug\SDLFramework.exe" /INCREMENTAL /NOLOGO /LIBPATH:"Z:\marcbunkers\Avans\KMINT\Week 3\Framework\SDLFramework\SDLFramework\../../SDL2-2.0.3/lib/x86" /LIBPATH:"Z:\marcbunkers\Avans\KMINT\Week 3\Framework\SDLFramework\SDLFramework\../../SDL2_ttf-2.0.12/lib/x86" /LIBPATH:"Z:\marcbunkers\Avans\KMINT\Week 3\Framework\SDLFramework\SDLFramework\../../SDL2_image-2.0.0/lib/x86" SDL2.lib SDL2main.lib SDL2test.lib SDL2_ttf.lib SDL2_image.lib kernel32.lib user32.lib gdi32.lib winspool.lib comdlg32.lib advapi32.lib shell32.lib ole32.lib oleaut32.lib uuid.lib odbc32.lib odbccp32.lib /MANIFEST /MANIFESTUAC:"level='asInvoker' uiAccess='false'" /manifest:embed /DEBUG /PDB:"Z:\marcbunkers\Avans\KMINT\Week 3\Framework\SDLFramework\Debug\SDLFramework.pdb" /SUBSYSTEM:CONSOLE /TLBID:1 /DYNAMICBASE /NXCOMPAT /IMPLIB:"Z:\marcbunkers\Avans\KMINT\Week 3\Framework\SDLFramework\Debug\SDLFramework.lib" /MACHINE:X86 Debug\ASTar.obj
         Debug\AStarNode.obj
         Debug\Bunny.obj
         Debug\Character.obj
         Debug\ChaseState.obj
         Debug\Cow.obj
         Debug\FleeState.obj
         Debug\FWApplication.obj
         Debug\Item.obj
         Debug\Main.obj
         Debug\Node.obj
         Debug\SearchState.obj
         Debug\SleepState.obj
         Debug\State.obj
         Debug\WanderingState.obj
         Debug\Waypoint.obj
         SDLFramework.vcxproj -> Z:\marcbunkers\Avans\KMINT\Week 3\Framework\SDLFramework\Debug\SDLFramework.exe
     1>Done Building Project "Z:\marcbunkers\Avans\KMINT\Week 3\Framework\SDLFramework\SDLFramework\SDLFramework.vcxproj" (Build target(s)).

Build succeeded.

Time Elapsed 00:00:06.24
