c:\users\marcel\desktop\kmint\week 4\framework\sdlframework\sdlframework\debug\vc120.pdb
c:\users\marcel\desktop\kmint\week 4\framework\sdlframework\sdlframework\debug\vc120.idb
c:\users\marcel\desktop\kmint\week 4\framework\sdlframework\sdlframework\debug\astar.obj
c:\users\marcel\desktop\kmint\week 4\framework\sdlframework\sdlframework\debug\astarnode.obj
c:\users\marcel\desktop\kmint\week 4\framework\sdlframework\sdlframework\debug\bunny.obj
c:\users\marcel\desktop\kmint\week 4\framework\sdlframework\sdlframework\debug\character.obj
c:\users\marcel\desktop\kmint\week 4\framework\sdlframework\sdlframework\debug\chasestate.obj
c:\users\marcel\desktop\kmint\week 4\framework\sdlframework\sdlframework\debug\cow.obj
c:\users\marcel\desktop\kmint\week 4\framework\sdlframework\sdlframework\debug\fleestate.obj
c:\users\marcel\desktop\kmint\week 4\framework\sdlframework\sdlframework\debug\fwapplication.obj
c:\users\marcel\desktop\kmint\week 4\framework\sdlframework\sdlframework\debug\item.obj
c:\users\marcel\desktop\kmint\week 4\framework\sdlframework\sdlframework\debug\main.obj
c:\users\marcel\desktop\kmint\week 4\framework\sdlframework\sdlframework\debug\movingentity.obj
c:\users\marcel\desktop\kmint\week 4\framework\sdlframework\sdlframework\debug\node.obj
c:\users\marcel\desktop\kmint\week 4\framework\sdlframework\sdlframework\debug\searchstate.obj
c:\users\marcel\desktop\kmint\week 4\framework\sdlframework\sdlframework\debug\sleepstate.obj
c:\users\marcel\desktop\kmint\week 4\framework\sdlframework\sdlframework\debug\state.obj
c:\users\marcel\desktop\kmint\week 4\framework\sdlframework\sdlframework\debug\steeringbehaviors.obj
c:\users\marcel\desktop\kmint\week 4\framework\sdlframework\sdlframework\debug\wanderingstate.obj
c:\users\marcel\desktop\kmint\week 4\framework\sdlframework\sdlframework\debug\waypoint.obj
c:\users\marcel\desktop\kmint\week 5\framework\sdlframework\sdlframework\debug\vc120.pdb
c:\users\marcel\desktop\kmint\week 5\framework\sdlframework\sdlframework\debug\vc120.idb
c:\users\marcel\desktop\kmint\week 5\framework\sdlframework\sdlframework\debug\instance.obj
c:\users\marcel\desktop\kmint\week 5\framework\sdlframework\sdlframework\debug\main.obj
c:\users\marcel\desktop\kmint\week 4\framework\sdlframework\debug\sdlframework.ilk
c:\users\marcel\desktop\kmint\week 4\framework\sdlframework\debug\sdlframework.exe
c:\users\marcel\desktop\kmint\week 4\framework\sdlframework\debug\sdlframework.pdb
c:\users\marcel\desktop\kmint\week 5\framework\sdlframework\debug\sdlframework.pdb
c:\users\marcel\desktop\kmint\week 5\framework\sdlframework\debug\sdlframework.exe
c:\users\marcel\desktop\kmint\week 5\framework\sdlframework\debug\sdlframework.ilk
c:\users\marcel\desktop\kmint\week 5\framework\sdlframework\sdlframework\debug\sdlframework.tlog\cl.command.1.tlog
c:\users\marcel\desktop\kmint\week 5\framework\sdlframework\sdlframework\debug\sdlframework.tlog\cl.read.1.tlog
c:\users\marcel\desktop\kmint\week 5\framework\sdlframework\sdlframework\debug\sdlframework.tlog\cl.write.1.tlog
c:\users\marcel\desktop\kmint\week 5\framework\sdlframework\sdlframework\debug\sdlframework.tlog\link.command.1.tlog
c:\users\marcel\desktop\kmint\week 5\framework\sdlframework\sdlframework\debug\sdlframework.tlog\link.read.1.tlog
c:\users\marcel\desktop\kmint\week 5\framework\sdlframework\sdlframework\debug\sdlframework.tlog\link.write.1.tlog
