Build started 14/06/15 23:35:54.
     1>Project "\\vmware-host\Shared Folders\marcbunkers\Avans\KMINT\Week 1\Framework\SDLFramework\SDLFramework\SDLFramework.vcxproj" on node 2 (Build target(s)).
     1>ClCompile:
         C:\Program Files (x86)\Microsoft Visual Studio 12.0\VC\bin\CL.exe /c /I"\\vmware-host\Shared Folders\marcbunkers\Avans\KMINT\Week 1\Framework\SDLFramework\SDLFramework\../../SDL2-2.0.3/include" /I"\\vmware-host\Shared Folders\marcbunkers\Avans\KMINT\Week 1\Framework\SDLFramework\SDLFramework\../../SDL2_ttf-2.0.12/include" /I"\\vmware-host\Shared Folders\marcbunkers\Avans\KMINT\Week 1\Framework\SDLFramework\SDLFramework\../../SDL2_image-2.0.0/include" /ZI /nologo /W3 /WX- /sdl /Od /Oy- /D WIN32 /D _DEBUG /D _CONSOLE /D _LIB /D _UNICODE /D UNICODE /Gm /EHsc /RTC1 /MDd /GS /fp:precise /Zc:wchar_t /Zc:forScope /Fo"Debug\\" /Fd"Debug\vc120.pdb" /Gd /TP /analyze- /errorReport:prompt ASTar.cpp
         ASTar.cpp
     1>\\vmware-host\shared folders\marcbunkers\avans\kmint\week 1\framework\sdlframework\sdlframework\astar.cpp(6): warning C4244: 'argument' : conversion from 'double' to 'int', possible loss of data
     1>\\vmware-host\shared folders\marcbunkers\avans\kmint\week 1\framework\sdlframework\sdlframework\astar.cpp(16): warning C4244: 'argument' : conversion from 'double' to 'int', possible loss of data
       Link:
         C:\Program Files (x86)\Microsoft Visual Studio 12.0\VC\bin\link.exe /ERRORREPORT:PROMPT /OUT:"\\vmware-host\Shared Folders\marcbunkers\Avans\KMINT\Week 1\Framework\SDLFramework\Debug\SDLFramework.exe" /INCREMENTAL /NOLOGO /LIBPATH:"\\vmware-host\Shared Folders\marcbunkers\Avans\KMINT\Week 1\Framework\SDLFramework\SDLFramework\../../SDL2-2.0.3/lib/x86" /LIBPATH:"\\vmware-host\Shared Folders\marcbunkers\Avans\KMINT\Week 1\Framework\SDLFramework\SDLFramework\../../SDL2_ttf-2.0.12/lib/x86" /LIBPATH:"\\vmware-host\Shared Folders\marcbunkers\Avans\KMINT\Week 1\Framework\SDLFramework\SDLFramework\../../SDL2_image-2.0.0/lib/x86" SDL2.lib SDL2main.lib SDL2test.lib SDL2_ttf.lib SDL2_image.lib kernel32.lib user32.lib gdi32.lib winspool.lib comdlg32.lib advapi32.lib shell32.lib ole32.lib oleaut32.lib uuid.lib odbc32.lib odbccp32.lib /MANIFEST /MANIFESTUAC:"level='asInvoker' uiAccess='false'" /manifest:embed /DEBUG /PDB:"\\vmware-host\Shared Folders\marcbunkers\Avans\KMINT\Week 1\Framework\SDLFramework\Debug\SDLFramework.pdb" /SUBSYSTEM:CONSOLE /TLBID:1 /DYNAMICBASE /NXCOMPAT /IMPLIB:"\\vmware-host\Shared Folders\marcbunkers\Avans\KMINT\Week 1\Framework\SDLFramework\Debug\SDLFramework.lib" /MACHINE:X86 Debug\ASTar.obj
         Debug\AStarNode.obj
         Debug\Bunny.obj
         Debug\Character.obj
         Debug\Cow.obj
         Debug\FWApplication.obj
         Debug\Main.obj
         Debug\Node.obj
         Debug\Waypoint.obj
     1>MSVCRTD.lib(cinitexe.obj) : warning LNK4098: defaultlib 'msvcrt.lib' conflicts with use of other libs; use /NODEFAULTLIB:library
         SDLFramework.vcxproj -> \\vmware-host\Shared Folders\marcbunkers\Avans\KMINT\Week 1\Framework\SDLFramework\Debug\SDLFramework.exe
     1>Done Building Project "\\vmware-host\Shared Folders\marcbunkers\Avans\KMINT\Week 1\Framework\SDLFramework\SDLFramework\SDLFramework.vcxproj" (Build target(s)).

Build succeeded.

Time Elapsed 00:00:05.25
