Build started 8-8-2015 16:26:45.
     1>Project "C:\Users\Marcel\Desktop\KMINT\Week 4\Framework\SDLFramework\SDLFramework\SDLFramework.vcxproj" on node 2 (Build target(s)).
     1>ClCompile:
         C:\Program Files (x86)\Microsoft Visual Studio 12.0\VC\bin\CL.exe /c /I"C:\Users\Marcel\Desktop\KMINT\Week 4\Framework\SDLFramework\SDLFramework\../../SDL2-2.0.3/include" /I"C:\Users\Marcel\Desktop\KMINT\Week 4\Framework\SDLFramework\SDLFramework\../../SDL2_ttf-2.0.12/include" /I"C:\Users\Marcel\Desktop\KMINT\Week 4\Framework\SDLFramework\SDLFramework\../../SDL2_image-2.0.0/include" /ZI /nologo /W3 /WX- /sdl /Od /Oy- /D WIN32 /D _DEBUG /D _CONSOLE /D _LIB /D _UNICODE /D UNICODE /Gm /EHsc /RTC1 /MDd /GS /fp:precise /Zc:wchar_t /Zc:forScope /Fo"Debug\\" /Fd"Debug\vc120.pdb" /Gd /TP /analyze- /errorReport:prompt ASTar.cpp AStarNode.cpp Bunny.cpp Character.cpp ChaseState.cpp Cow.cpp FWApplication.cpp FleeState.cpp Node.cpp SearchState.cpp SleepState.cpp State.cpp SteeringBehaviors.cpp WanderingState.cpp Waypoint.cpp
         Character.cpp
         Generating Code...
         Skipping... (no relevant changes detected)
         Waypoint.cpp
         WanderingState.cpp
         SteeringBehaviors.cpp
         State.cpp
         SleepState.cpp
         SearchState.cpp
         Node.cpp
         FleeState.cpp
         FWApplication.cpp
         Cow.cpp
         ChaseState.cpp
         Bunny.cpp
         AStarNode.cpp
         ASTar.cpp
       Link:
         C:\Program Files (x86)\Microsoft Visual Studio 12.0\VC\bin\link.exe /ERRORREPORT:PROMPT /OUT:"C:\Users\Marcel\Desktop\KMINT\Week 4\Framework\SDLFramework\Debug\SDLFramework.exe" /INCREMENTAL /NOLOGO /LIBPATH:"C:\Users\Marcel\Desktop\KMINT\Week 4\Framework\SDLFramework\SDLFramework\../../SDL2-2.0.3/lib/x86" /LIBPATH:"C:\Users\Marcel\Desktop\KMINT\Week 4\Framework\SDLFramework\SDLFramework\../../SDL2_ttf-2.0.12/lib/x86" /LIBPATH:"C:\Users\Marcel\Desktop\KMINT\Week 4\Framework\SDLFramework\SDLFramework\../../SDL2_image-2.0.0/lib/x86" SDL2.lib SDL2main.lib SDL2test.lib SDL2_ttf.lib SDL2_image.lib kernel32.lib user32.lib gdi32.lib winspool.lib comdlg32.lib advapi32.lib shell32.lib ole32.lib oleaut32.lib uuid.lib odbc32.lib odbccp32.lib /MANIFEST /MANIFESTUAC:"level='asInvoker' uiAccess='false'" /manifest:embed /DEBUG /PDB:"C:\Users\Marcel\Desktop\KMINT\Week 4\Framework\SDLFramework\Debug\SDLFramework.pdb" /SUBSYSTEM:CONSOLE /TLBID:1 /DYNAMICBASE /NXCOMPAT /IMPLIB:"C:\Users\Marcel\Desktop\KMINT\Week 4\Framework\SDLFramework\Debug\SDLFramework.lib" /MACHINE:X86 Debug\ASTar.obj
         Debug\AStarNode.obj
         Debug\Bunny.obj
         Debug\Character.obj
         Debug\ChaseState.obj
         Debug\Cow.obj
         Debug\FleeState.obj
         Debug\FWApplication.obj
         Debug\Item.obj
         Debug\Main.obj
         Debug\MovingEntity.obj
         Debug\Node.obj
         Debug\SearchState.obj
         Debug\SleepState.obj
         Debug\State.obj
         Debug\SteeringBehaviors.obj
         Debug\WanderingState.obj
         Debug\Waypoint.obj
     1>MSVCRTD.lib(cinitexe.obj) : warning LNK4098: defaultlib 'msvcrt.lib' conflicts with use of other libs; use /NODEFAULTLIB:library
         SDLFramework.vcxproj -> C:\Users\Marcel\Desktop\KMINT\Week 4\Framework\SDLFramework\Debug\SDLFramework.exe
     1>Done Building Project "C:\Users\Marcel\Desktop\KMINT\Week 4\Framework\SDLFramework\SDLFramework\SDLFramework.vcxproj" (Build target(s)).

Build succeeded.

Time Elapsed 00:00:02.15
